android/app/build/intermediates/manifest_merge_blame_file/debug/manifest-merger-blame-debug-report.txt
1<?xml version="1.0" encoding="utf-8"?>
2<manifest xmlns:android="http://schemas.android.com/apk/res/android"
3    package="com.templateone"
4    android:versionCode="1"
5    android:versionName="1.0" >
6
7    <uses-sdk
8        android:minSdkVersion="21"
9        android:targetSdkVersion="33" />
10
11    <uses-permission android:name="android.permission.SYSTEM_ALERT_WINDOW" />
11-->src/debug/AndroidManifest.xml:5:5-77
11-->src/debug/AndroidManifest.xml:5:22-75
12    <uses-permission android:name="android.permission.INTERNET" />
12-->src/main/AndroidManifest.xml:3:5-67
12-->src/main/AndroidManifest.xml:3:22-64
13    <uses-permission android:name="android.permission.ACCESS_WIFI_STATE" />
13-->[com.facebook.flipper:flipper:0.125.0] AndroidManifest.xml:16:5-76
13-->[com.facebook.flipper:flipper:0.125.0] AndroidManifest.xml:16:22-73
14
15    <application
15-->src/main/AndroidManifest.xml:5:5-36:19
16        android:name="com.templateone.MainApplication"
16-->src/main/AndroidManifest.xml:6:7-38
17        android:allowBackup="false"
17-->src/main/AndroidManifest.xml:10:7-34
18        android:appComponentFactory="androidx.core.app.CoreComponentFactory"
18-->[androidx.core:core:1.7.0] AndroidManifest.xml:24:18-86
19        android:debuggable="true"
20        android:icon="@mipmap/ic_launcher"
20-->src/main/AndroidManifest.xml:8:7-41
21        android:label="@string/app_name"
21-->src/main/AndroidManifest.xml:7:7-39
22        android:roundIcon="@mipmap/ic_launcher_round"
22-->src/main/AndroidManifest.xml:9:7-52
23        android:theme="@style/AppTheme"
23-->src/main/AndroidManifest.xml:11:7-38
24        android:usesCleartextTraffic="true" >
24-->src/debug/AndroidManifest.xml:8:9-44
25        <activity
25-->src/debug/AndroidManifest.xml:11:9-111
26            android:name="com.facebook.react.devsupport.DevSettingsActivity"
26-->src/debug/AndroidManifest.xml:11:19-83
27            android:exported="false" />
27-->src/debug/AndroidManifest.xml:11:84-108
28        <activity
28-->src/main/AndroidManifest.xml:13:7-23:18
29            android:name="com.templateone.SplashActivity"
29-->src/main/AndroidManifest.xml:14:9-39
30            android:exported="true"
30-->src/main/AndroidManifest.xml:17:9-32
31            android:label="@string/app_name"
31-->src/main/AndroidManifest.xml:16:9-41
32            android:theme="@style/SplashTheme" >
32-->src/main/AndroidManifest.xml:15:9-43
33            <intent-filter>
33-->src/main/AndroidManifest.xml:19:9-22:25
34                <action android:name="android.intent.action.MAIN" />
34-->src/main/AndroidManifest.xml:20:11-63
34-->src/main/AndroidManifest.xml:20:19-60
35
36                <category android:name="android.intent.category.LAUNCHER" />
36-->src/main/AndroidManifest.xml:21:11-71
36-->src/main/AndroidManifest.xml:21:21-68
37            </intent-filter>
38        </activity>
39        <activity
39-->src/main/AndroidManifest.xml:25:7-35:18
40            android:name="com.templateone.MainActivity"
40-->src/main/AndroidManifest.xml:26:9-37
41            android:configChanges="keyboard|keyboardHidden|orientation|screenLayout|screenSize|smallestScreenSize|uiMode"
41-->src/main/AndroidManifest.xml:28:9-118
42            android:exported="true"
42-->src/main/AndroidManifest.xml:31:9-32
43            android:label="@string/app_name"
43-->src/main/AndroidManifest.xml:27:9-41
44            android:launchMode="singleTask"
44-->src/main/AndroidManifest.xml:29:9-40
45            android:windowSoftInputMode="adjustResize" >
45-->src/main/AndroidManifest.xml:30:9-51
46            <intent-filter>
46-->src/main/AndroidManifest.xml:32:9-34:25
47                <action android:name="android.intent.action.MAIN" />
47-->src/main/AndroidManifest.xml:20:11-63
47-->src/main/AndroidManifest.xml:20:19-60
48            </intent-filter>
49        </activity>
50
51        <provider
51-->[androidx.emoji2:emoji2:1.0.0] AndroidManifest.xml:26:9-34:20
52            android:name="androidx.startup.InitializationProvider"
52-->[androidx.emoji2:emoji2:1.0.0] AndroidManifest.xml:27:13-67
53            android:authorities="com.templateone.androidx-startup"
53-->[androidx.emoji2:emoji2:1.0.0] AndroidManifest.xml:28:13-68
54            android:exported="false" >
54-->[androidx.emoji2:emoji2:1.0.0] AndroidManifest.xml:29:13-37
55            <meta-data
55-->[androidx.emoji2:emoji2:1.0.0] AndroidManifest.xml:31:13-33:52
56                android:name="androidx.emoji2.text.EmojiCompatInitializer"
56-->[androidx.emoji2:emoji2:1.0.0] AndroidManifest.xml:32:17-75
57                android:value="androidx.startup" />
57-->[androidx.emoji2:emoji2:1.0.0] AndroidManifest.xml:33:17-49
58            <meta-data
58-->[androidx.lifecycle:lifecycle-process:2.4.0] AndroidManifest.xml:31:13-33:52
59                android:name="androidx.lifecycle.ProcessLifecycleInitializer"
59-->[androidx.lifecycle:lifecycle-process:2.4.0] AndroidManifest.xml:32:17-78
60                android:value="androidx.startup" />
60-->[androidx.lifecycle:lifecycle-process:2.4.0] AndroidManifest.xml:33:17-49
61        </provider>
62    </application>
63
64</manifest>